<?xml version="1.0" encoding="UTF-8"?>
<!-- Generated by org.testng.reporters.JUnitReportReporter -->
<testsuite hostname="TusharGyanu" failures="0" tests="7" name="com.tutorialsNinja.Qa.TestCases.LoginTest" time="128.787" errors="0" timestamp="2024-02-14T22:01:41 IST" skipped="0">
  <testcase classname="com.tutorialsNinja.Qa.TestCases.LoginTest" name="verifyLoginWithValidCredentials" time="15.984"/>
  <system-out/>
  <testcase classname="com.tutorialsNinja.Qa.TestCases.LoginTest" name="verifyLoginWithValidCredentials" time="16.442"/>
  <system-out/>
  <testcase classname="com.tutorialsNinja.Qa.TestCases.LoginTest" name="verifyLoginWithValidCredentials" time="21.159"/>
  <system-out/>
  <testcase classname="com.tutorialsNinja.Qa.TestCases.LoginTest" name="verifyLoginWithInValidCredentials" time="16.311"/>
  <system-out/>
  <testcase classname="com.tutorialsNinja.Qa.TestCases.LoginTest" name="verifyLoginWithInValidEmail" time="21.115"/>
  <system-out/>
  <testcase classname="com.tutorialsNinja.Qa.TestCases.LoginTest" name="verifyLoginWithInValidPassword" time="22.419"/>
  <system-out/>
  <testcase classname="com.tutorialsNinja.Qa.TestCases.LoginTest" name="verifyLoginWithoutcredentials" time="15.357"/>
  <system-out/>
</testsuite> <!-- com.tutorialsNinja.Qa.TestCases.LoginTest -->
