<?xml version="1.0" encoding="UTF-8"?>
<!-- Generated by org.testng.reporters.JUnitReportReporter -->
<testsuite hostname="TusharGyanu" failures="0" tests="4" name="com.tutorialsNinja.Qa.TestCases.RegisterAccountTest" time="74.269" errors="0" timestamp="2024-02-14T22:01:41 IST" skipped="0">
  <testcase classname="com.tutorialsNinja.Qa.TestCases.RegisterAccountTest" name="VerifyRegisterWithMandatoryFeild" time="15.671"/>
  <system-out/>
  <testcase classname="com.tutorialsNinja.Qa.TestCases.RegisterAccountTest" name="verifyRegistringAccountAllFeild" time="21.874"/>
  <system-out/>
  <testcase classname="com.tutorialsNinja.Qa.TestCases.RegisterAccountTest" name="verifyRegist_registeredEmail" time="18.495"/>
  <system-out/>
  <testcase classname="com.tutorialsNinja.Qa.TestCases.RegisterAccountTest" name="verifyRegisterwithoutdetails" time="18.229"/>
  <system-out/>
</testsuite> <!-- com.tutorialsNinja.Qa.TestCases.RegisterAccountTest -->
